<?xml version="1.0" encoding="UTF-8"?>
<!-- Generated by org.testng.reporters.JUnitReportReporter -->
<testsuite hostname="DESKTOP-MVE7KCF" failures="0" tests="3" name="TestNG_Demo.DataProviderCocept" time="0.029" errors="0" timestamp="2022-05-29T10:43:59 IST" skipped="0">
  <testcase classname="TestNG_Demo.DataProviderCocept" name="tesLogin" time="0.003"/>
  <system-out/>
  <testcase classname="TestNG_Demo.DataProviderCocept" name="tesLogin" time="0.020"/>
  <system-out/>
  <testcase classname="TestNG_Demo.DataProviderCocept" name="tesLogin" time="0.006"/>
  <system-out/>
</testsuite> <!-- TestNG_Demo.DataProviderCocept -->
