<?xml version="1.0" encoding="UTF-8"?>
<!-- Generated by org.testng.reporters.JUnitReportReporter -->
<testsuite hostname="DESKTOP-MVE7KCF" failures="0" tests="3" name="TestNG_Demo.DataProviderTwoDiamentionalArray" time="0.022" errors="0" timestamp="2022-05-29T11:01:32 IST" skipped="0">
  <testcase classname="TestNG_Demo.DataProviderTwoDiamentionalArray" name="tesLogin" time="0.004"/>
  <system-out/>
  <testcase classname="TestNG_Demo.DataProviderTwoDiamentionalArray" name="tesLogin" time="0.015"/>
  <system-out/>
  <testcase classname="TestNG_Demo.DataProviderTwoDiamentionalArray" name="tesLogin" time="0.003"/>
  <system-out/>
</testsuite> <!-- TestNG_Demo.DataProviderTwoDiamentionalArray -->
